<?xml version="1.0" encoding="UTF-8"?>
<!-- Generated by org.testng.reporters.JUnitXMLReporter -->
<testsuite ignored="2" hostname="LAPTOP-5S2C237C" failures="0" tests="5" name="Pixel_8" time="65.734" errors="0" timestamp="2024-07-07T00:10:38 IST">
  <testcase classname="com.saucelabs.tests.LoginTests" name="invalidPassword" time="7.728"/>
  <testcase classname="com.saucelabs.tests.LoginTests" name="invalidUsername" time="5.63"/>
  <testcase classname="com.saucelabs.tests.LoginTests" name="validCredentials" time="7.761"/>
  <testcase classname="com.saucelabs.tests.ProductTests" name="validateProductonProductDetailsPage" time="14.046"/>
  <testcase classname="com.saucelabs.tests.ProductTests" name="validateProductonProductsPage" time="6.868"/>
  <testcase classname="com.saucelabs.pages.BaseTest" name="@BeforeTest setup" time="0.0">
    <ignored/>
  </testcase> <!-- @BeforeTest setup -->
  <testcase classname="com.saucelabs.pages.BaseTest" name="@AfterTest tearDown" time="0.0">
    <ignored/>
  </testcase> <!-- @AfterTest tearDown -->
</testsuite> <!-- Pixel_8 -->
