<?xml version="1.0" encoding="UTF-8"?>
<!-- Generated by org.testng.reporters.JUnitXMLReporter -->
<testsuite ignored="2" hostname="LAPTOP-5S2C237C" failures="0" tests="5" name="Pixel_8_copy" time="92.155" errors="0" timestamp="2024-07-24T22:49:08 IST">
  <testcase classname="com.saucelabs.tests.LoginTests" name="invalidPassword" time="12.789"/>
  <testcase classname="com.saucelabs.tests.LoginTests" name="invalidUsername" time="10.583"/>
  <testcase classname="com.saucelabs.tests.LoginTests" name="validCredentials" time="13.05"/>
  <testcase classname="com.saucelabs.tests.ProductTests" name="validateProductonProductDetailsPage" time="24.849"/>
  <testcase classname="com.saucelabs.tests.ProductTests" name="validateProductonProductsPage" time="8.507"/>
  <testcase classname="com.saucelabs.tests.BaseTest" name="@AfterTest tearDown" time="0.0">
    <ignored/>
  </testcase> <!-- @AfterTest tearDown -->
  <testcase classname="com.saucelabs.tests.BaseTest" name="@BeforeTest setup" time="0.0">
    <ignored/>
  </testcase> <!-- @BeforeTest setup -->
</testsuite> <!-- Pixel_8_copy -->
