<?xml version="1.0" encoding="UTF-8"?>
<!-- Generated by org.testng.reporters.JUnitXMLReporter -->
<testsuite ignored="0" hostname="LAPTOP-5S2C237C" failures="0" tests="2" name="Pixel_8" time="38.094" errors="0" timestamp="2024-07-17T01:15:08 IST">
  <testcase classname="com.saucelabs.tests.ProductTests" name="validateProductonProductDetailsPage" time="16.194"/>
  <testcase classname="com.saucelabs.tests.ProductTests" name="validateProductonProductsPage" time="7.165"/>
</testsuite> <!-- Pixel_8 -->
