<?xml version="1.0" encoding="UTF-8"?>
<!-- Generated by org.testng.reporters.JUnitXMLReporter -->
<testsuite ignored="2" hostname="LAPTOP-5S2C237C" failures="0" tests="5" name="Pixel_8_copy" time="87.898" errors="0" timestamp="2024-07-23T23:29:00 IST">
  <testcase classname="com.saucelabs.tests.LoginTests" name="invalidPassword" time="11.775"/>
  <testcase classname="com.saucelabs.tests.LoginTests" name="invalidUsername" time="8.363"/>
  <testcase classname="com.saucelabs.tests.LoginTests" name="validCredentials" time="12.528"/>
  <testcase classname="com.saucelabs.tests.ProductTests" name="validateProductonProductDetailsPage" time="27.941"/>
  <testcase classname="com.saucelabs.tests.ProductTests" name="validateProductonProductsPage" time="7.88"/>
  <testcase classname="com.saucelabs.tests.BaseTest" name="@AfterTest tearDown" time="0.0">
    <ignored/>
  </testcase> <!-- @AfterTest tearDown -->
  <testcase classname="com.saucelabs.tests.BaseTest" name="@BeforeTest setup" time="0.0">
    <ignored/>
  </testcase> <!-- @BeforeTest setup -->
</testsuite> <!-- Pixel_8_copy -->
