<?xml version="1.0" encoding="UTF-8"?>
<testng-results ignored="2" total="7" passed="5" failed="0" skipped="0">
  <reporter-output>
  </reporter-output>
  <suite started-at="2024-07-07T00:09:32 IST" name="Suite" finished-at="2024-07-07T00:10:38 IST" duration-ms="65734">
    <groups>
    </groups>
    <test started-at="2024-07-07T00:09:32 IST" name="Pixel_8" finished-at="2024-07-07T00:10:38 IST" duration-ms="65734">
      <class name="com.saucelabs.tests.ProductTests">
        <test-method is-config="true" signature="initializeLogger()[pri:0, instance:com.saucelabs.tests.ProductTests@66f57048]" started-at="2024-07-07T00:10:09 IST" name="initializeLogger" finished-at="2024-07-07T00:10:09 IST" duration-ms="0" status="PASS">
          <reporter-output>
          </reporter-output>
        </test-method> <!-- initializeLogger -->
        <test-method is-config="true" signature="launchApp(java.lang.reflect.Method)[pri:0, instance:com.saucelabs.tests.ProductTests@66f57048]" started-at="2024-07-07T00:10:09 IST" name="launchApp" finished-at="2024-07-07T00:10:11 IST" duration-ms="2468" status="PASS">
          <params>
            <param index="0">
              <value>
                <![CDATA[public void com.saucelabs.tests.ProductTests.validateProductonProductDetailsPage()]]>
              </value>
            </param>
          </params>
          <reporter-output>
          </reporter-output>
        </test-method> <!-- launchApp -->
        <test-method signature="validateProductonProductDetailsPage()[pri:0, instance:com.saucelabs.tests.ProductTests@66f57048]" started-at="2024-07-07T00:10:11 IST" name="validateProductonProductDetailsPage" finished-at="2024-07-07T00:10:25 IST" duration-ms="14046" status="PASS">
          <reporter-output>
          </reporter-output>
        </test-method> <!-- validateProductonProductDetailsPage -->
        <test-method is-config="true" signature="closeApp(org.testng.ITestResult)[pri:0, instance:com.saucelabs.tests.ProductTests@66f57048]" started-at="2024-07-07T00:10:25 IST" name="closeApp" finished-at="2024-07-07T00:10:26 IST" duration-ms="848" status="PASS">
          <params>
            <param index="0">
              <value>
                <![CDATA[[TestResult name=validateProductonProductDetailsPage status=SUCCESS method=ProductTests.validateProductonProductDetailsPage()[pri:0, instance:com.saucelabs.tests.ProductTests@66f57048] output={null}]]]>
              </value>
            </param>
          </params>
          <reporter-output>
          </reporter-output>
        </test-method> <!-- closeApp -->
        <test-method is-config="true" signature="launchApp(java.lang.reflect.Method)[pri:0, instance:com.saucelabs.tests.ProductTests@66f57048]" started-at="2024-07-07T00:10:26 IST" name="launchApp" finished-at="2024-07-07T00:10:30 IST" duration-ms="3394" status="PASS">
          <params>
            <param index="0">
              <value>
                <![CDATA[public void com.saucelabs.tests.ProductTests.validateProductonProductsPage()]]>
              </value>
            </param>
          </params>
          <reporter-output>
          </reporter-output>
        </test-method> <!-- launchApp -->
        <test-method signature="validateProductonProductsPage()[pri:0, instance:com.saucelabs.tests.ProductTests@66f57048]" started-at="2024-07-07T00:10:30 IST" name="validateProductonProductsPage" finished-at="2024-07-07T00:10:36 IST" duration-ms="6868" status="PASS">
          <reporter-output>
          </reporter-output>
        </test-method> <!-- validateProductonProductsPage -->
        <test-method is-config="true" signature="closeApp(org.testng.ITestResult)[pri:0, instance:com.saucelabs.tests.ProductTests@66f57048]" started-at="2024-07-07T00:10:36 IST" name="closeApp" finished-at="2024-07-07T00:10:37 IST" duration-ms="900" status="PASS">
          <params>
            <param index="0">
              <value>
                <![CDATA[[TestResult name=validateProductonProductsPage status=SUCCESS method=ProductTests.validateProductonProductsPage()[pri:0, instance:com.saucelabs.tests.ProductTests@66f57048] output={null}]]]>
              </value>
            </param>
          </params>
          <reporter-output>
          </reporter-output>
        </test-method> <!-- closeApp -->
      </class> <!-- com.saucelabs.tests.ProductTests -->
      <class name="com.saucelabs.tests.LoginTests">
        <test-method is-config="true" signature="setup(java.lang.String,java.lang.String,java.lang.String,java.lang.String)[pri:0, instance:com.saucelabs.tests.LoginTests@6404f418]" started-at="2024-07-07T00:09:32 IST" name="setup" finished-at="2024-07-07T00:09:38 IST" duration-ms="6303" status="PASS">
          <params>
            <param index="0">
              <value>
                <![CDATA[true]]>
              </value>
            </param>
            <param index="1">
              <value>
                <![CDATA[Android]]>
              </value>
            </param>
            <param index="2">
              <value>
                <![CDATA[pixel_8]]>
              </value>
            </param>
            <param index="3">
              <value>
                <![CDATA[emulator-5554]]>
              </value>
            </param>
          </params>
          <reporter-output>
          </reporter-output>
        </test-method> <!-- setup -->
        <test-method is-config="true" signature="initializeLogger()[pri:0, instance:com.saucelabs.tests.LoginTests@6404f418]" started-at="2024-07-07T00:09:38 IST" name="initializeLogger" finished-at="2024-07-07T00:09:39 IST" duration-ms="748" status="PASS">
          <reporter-output>
          </reporter-output>
        </test-method> <!-- initializeLogger -->
        <test-method is-config="true" signature="launchApp(java.lang.reflect.Method)[pri:0, instance:com.saucelabs.tests.LoginTests@6404f418]" started-at="2024-07-07T00:09:39 IST" name="launchApp" finished-at="2024-07-07T00:09:40 IST" duration-ms="1080" status="PASS">
          <params>
            <param index="0">
              <value>
                <![CDATA[public void com.saucelabs.tests.LoginTests.invalidPassword()]]>
              </value>
            </param>
          </params>
          <reporter-output>
          </reporter-output>
        </test-method> <!-- launchApp -->
        <test-method signature="invalidPassword()[pri:0, instance:com.saucelabs.tests.LoginTests@6404f418]" started-at="2024-07-07T00:09:40 IST" name="invalidPassword" finished-at="2024-07-07T00:09:48 IST" duration-ms="7728" status="PASS">
          <reporter-output>
          </reporter-output>
        </test-method> <!-- invalidPassword -->
        <test-method is-config="true" signature="closeApp(org.testng.ITestResult)[pri:0, instance:com.saucelabs.tests.LoginTests@6404f418]" started-at="2024-07-07T00:09:48 IST" name="closeApp" finished-at="2024-07-07T00:09:49 IST" duration-ms="844" status="PASS">
          <params>
            <param index="0">
              <value>
                <![CDATA[[TestResult name=invalidPassword status=SUCCESS method=LoginTests.invalidPassword()[pri:0, instance:com.saucelabs.tests.LoginTests@6404f418] output={null}]]]>
              </value>
            </param>
          </params>
          <reporter-output>
          </reporter-output>
        </test-method> <!-- closeApp -->
        <test-method is-config="true" signature="launchApp(java.lang.reflect.Method)[pri:0, instance:com.saucelabs.tests.LoginTests@6404f418]" started-at="2024-07-07T00:09:49 IST" name="launchApp" finished-at="2024-07-07T00:09:51 IST" duration-ms="2548" status="PASS">
          <params>
            <param index="0">
              <value>
                <![CDATA[public void com.saucelabs.tests.LoginTests.invalidUsername()]]>
              </value>
            </param>
          </params>
          <reporter-output>
          </reporter-output>
        </test-method> <!-- launchApp -->
        <test-method signature="invalidUsername()[pri:0, instance:com.saucelabs.tests.LoginTests@6404f418]" started-at="2024-07-07T00:09:51 IST" name="invalidUsername" finished-at="2024-07-07T00:09:57 IST" duration-ms="5630" status="PASS">
          <reporter-output>
          </reporter-output>
        </test-method> <!-- invalidUsername -->
        <test-method is-config="true" signature="closeApp(org.testng.ITestResult)[pri:0, instance:com.saucelabs.tests.LoginTests@6404f418]" started-at="2024-07-07T00:09:57 IST" name="closeApp" finished-at="2024-07-07T00:09:58 IST" duration-ms="899" status="PASS">
          <params>
            <param index="0">
              <value>
                <![CDATA[[TestResult name=invalidUsername status=SUCCESS method=LoginTests.invalidUsername()[pri:0, instance:com.saucelabs.tests.LoginTests@6404f418] output={null}]]]>
              </value>
            </param>
          </params>
          <reporter-output>
          </reporter-output>
        </test-method> <!-- closeApp -->
        <test-method is-config="true" signature="launchApp(java.lang.reflect.Method)[pri:0, instance:com.saucelabs.tests.LoginTests@6404f418]" started-at="2024-07-07T00:09:58 IST" name="launchApp" finished-at="2024-07-07T00:10:00 IST" duration-ms="2305" status="PASS">
          <params>
            <param index="0">
              <value>
                <![CDATA[public void com.saucelabs.tests.LoginTests.validCredentials()]]>
              </value>
            </param>
          </params>
          <reporter-output>
          </reporter-output>
        </test-method> <!-- launchApp -->
        <test-method signature="validCredentials()[pri:0, instance:com.saucelabs.tests.LoginTests@6404f418]" started-at="2024-07-07T00:10:00 IST" name="validCredentials" finished-at="2024-07-07T00:10:08 IST" duration-ms="7761" status="PASS">
          <reporter-output>
          </reporter-output>
        </test-method> <!-- validCredentials -->
        <test-method is-config="true" signature="closeApp(org.testng.ITestResult)[pri:0, instance:com.saucelabs.tests.LoginTests@6404f418]" started-at="2024-07-07T00:10:08 IST" name="closeApp" finished-at="2024-07-07T00:10:09 IST" duration-ms="975" status="PASS">
          <params>
            <param index="0">
              <value>
                <![CDATA[[TestResult name=validCredentials status=SUCCESS method=LoginTests.validCredentials()[pri:0, instance:com.saucelabs.tests.LoginTests@6404f418] output={null}]]]>
              </value>
            </param>
          </params>
          <reporter-output>
          </reporter-output>
        </test-method> <!-- closeApp -->
        <test-method is-config="true" signature="tearDown()[pri:0, instance:com.saucelabs.tests.LoginTests@6404f418]" started-at="2024-07-07T00:10:37 IST" name="tearDown" finished-at="2024-07-07T00:10:38 IST" duration-ms="337" status="PASS">
          <reporter-output>
          </reporter-output>
        </test-method> <!-- tearDown -->
      </class> <!-- com.saucelabs.tests.LoginTests -->
    </test> <!-- Pixel_8 -->
  </suite> <!-- Suite -->
</testng-results>
